Loading /Users/tilmankerl/Documents/UNI/02_SS23/NLP_Methods/biasExplore/data/sent-weat8b.jsonl...
Loading /Users/tilmankerl/Documents/UNI/02_SS23/NLP_Methods/biasExplore/data/heilman_double_bind_competent_one_word.jsonl...
Loading /Users/tilmankerl/Documents/UNI/02_SS23/NLP_Methods/biasExplore/data/heilman_double_bind_competent_one_sentence.jsonl...
Loading /Users/tilmankerl/Documents/UNI/02_SS23/NLP_Methods/biasExplore/data/sent-weat6b.jsonl...
Loading /Users/tilmankerl/Documents/UNI/02_SS23/NLP_Methods/biasExplore/data/sent-weat8.jsonl...
Loading /Users/tilmankerl/Documents/UNI/02_SS23/NLP_Methods/biasExplore/data/project_implicit_sexuality.jsonl...
Loading /Users/tilmankerl/Documents/UNI/02_SS23/NLP_Methods/biasExplore/data/sent-weat6.jsonl...
Loading /Users/tilmankerl/Documents/UNI/02_SS23/NLP_Methods/biasExplore/data/sent-weat7b.jsonl...
Loading /Users/tilmankerl/Documents/UNI/02_SS23/NLP_Methods/biasExplore/data/heilman_double_bind_competent_1.jsonl...
Loading /Users/tilmankerl/Documents/UNI/02_SS23/NLP_Methods/biasExplore/data/heilman_double_bind_competent_1-.jsonl...
Loading /Users/tilmankerl/Documents/UNI/02_SS23/NLP_Methods/biasExplore/data/sent-weat7.jsonl...
Loading /Users/tilmankerl/Documents/UNI/02_SS23/NLP_Methods/biasExplore/data/heilman_double_bind_competent_1+3-.jsonl...
Running test sent-weat8b...
Running model bert-base-uncased...
Loading model bert-base-uncased...
Encoding targ1...
Encoding targ2...
Encoding attr1...
Encoding attr2...
Representation dimension: 768
Running model bert-large-uncased...
Loading model bert-large-uncased...
Encoding targ1...
Encoding targ2...
Encoding attr1...
Encoding attr2...
Representation dimension: 1024
Running model bert-base-multilingual-uncased...
Loading model bert-base-multilingual-uncased...
Encoding targ1...
Encoding targ2...
Encoding attr1...
Encoding attr2...
Representation dimension: 768
Running model distilbert-base-uncased...
Loading model distilbert-base-uncased...
Encoding targ1...
Encoding targ2...
Encoding attr1...
Encoding attr2...
Representation dimension: 768
Running test heilman_double_bind_competent_one_word...
Running model bert-base-uncased...
Loading model bert-base-uncased...
Encoding targ1...
Encoding targ2...
Encoding attr1...
Encoding attr2...
Representation dimension: 768
Running model bert-large-uncased...
Loading model bert-large-uncased...
Encoding targ1...
Encoding targ2...
Encoding attr1...
Encoding attr2...
Representation dimension: 1024
Running model bert-base-multilingual-uncased...
Loading model bert-base-multilingual-uncased...
Encoding targ1...
Encoding targ2...
Encoding attr1...
Encoding attr2...
Representation dimension: 768
Running model distilbert-base-uncased...
Loading model distilbert-base-uncased...
Encoding targ1...
Encoding targ2...
Encoding attr1...
Encoding attr2...
Representation dimension: 768
Running test heilman_double_bind_competent_one_sentence...
Running model bert-base-uncased...
Loading model bert-base-uncased...
Encoding targ1...
Encoding targ2...
Encoding attr1...
Encoding attr2...
Representation dimension: 768
Running model bert-large-uncased...
Loading model bert-large-uncased...
Encoding targ1...
Encoding targ2...
Encoding attr1...
Encoding attr2...
Representation dimension: 1024
Running model bert-base-multilingual-uncased...
Loading model bert-base-multilingual-uncased...
Encoding targ1...
Encoding targ2...
Encoding attr1...
Encoding attr2...
Representation dimension: 768
Running model distilbert-base-uncased...
Loading model distilbert-base-uncased...
Encoding targ1...
Encoding targ2...
Encoding attr1...
Encoding attr2...
Representation dimension: 768
Running test sent-weat6b...
Running model bert-base-uncased...
Loading model bert-base-uncased...
Encoding targ1...
Encoding targ2...
Encoding attr1...
Encoding attr2...
Representation dimension: 768
Running model bert-large-uncased...
Loading model bert-large-uncased...
Encoding targ1...
Encoding targ2...
Encoding attr1...
Encoding attr2...
Representation dimension: 1024
Running model bert-base-multilingual-uncased...
Loading model bert-base-multilingual-uncased...
Encoding targ1...
Encoding targ2...
Encoding attr1...
Encoding attr2...
Representation dimension: 768
Running model distilbert-base-uncased...
Loading model distilbert-base-uncased...
Encoding targ1...
Encoding targ2...
Encoding attr1...
Encoding attr2...
Representation dimension: 768
Running test sent-weat8...
Running model bert-base-uncased...
Loading model bert-base-uncased...
Encoding targ1...
Encoding targ2...
Encoding attr1...
Encoding attr2...
Representation dimension: 768
Running model bert-large-uncased...
Loading model bert-large-uncased...
Encoding targ1...
