Loading /Users/tilmankerl/Documents/UNI/02_SS23/NLP_Methods/biasExplore/data/sent-weat8b.jsonl...
Loading /Users/tilmankerl/Documents/UNI/02_SS23/NLP_Methods/biasExplore/data/heilman_double_bind_competent_one_word.jsonl...
Loading /Users/tilmankerl/Documents/UNI/02_SS23/NLP_Methods/biasExplore/data/heilman_double_bind_competent_one_sentence.jsonl...
Loading /Users/tilmankerl/Documents/UNI/02_SS23/NLP_Methods/biasExplore/data/sent-weat6b.jsonl...
Loading /Users/tilmankerl/Documents/UNI/02_SS23/NLP_Methods/biasExplore/data/sent-weat8.jsonl...
Loading /Users/tilmankerl/Documents/UNI/02_SS23/NLP_Methods/biasExplore/data/project_implicit_sexuality.jsonl...
Loading /Users/tilmankerl/Documents/UNI/02_SS23/NLP_Methods/biasExplore/data/sent-weat6.jsonl...
Loading /Users/tilmankerl/Documents/UNI/02_SS23/NLP_Methods/biasExplore/data/sent-weat7b.jsonl...
Loading /Users/tilmankerl/Documents/UNI/02_SS23/NLP_Methods/biasExplore/data/heilman_double_bind_competent_1.jsonl...
Loading /Users/tilmankerl/Documents/UNI/02_SS23/NLP_Methods/biasExplore/data/heilman_double_bind_competent_1-.jsonl...
Loading /Users/tilmankerl/Documents/UNI/02_SS23/NLP_Methods/biasExplore/data/sent-weat7.jsonl...
Loading /Users/tilmankerl/Documents/UNI/02_SS23/NLP_Methods/biasExplore/data/heilman_double_bind_competent_1+3-.jsonl...
Loading /Users/tilmankerl/Documents/UNI/02_SS23/NLP_Methods/biasExplore/data/sent-weat8b.jsonl...
Loading /Users/tilmankerl/Documents/UNI/02_SS23/NLP_Methods/biasExplore/data/heilman_double_bind_competent_one_word.jsonl...
Loading /Users/tilmankerl/Documents/UNI/02_SS23/NLP_Methods/biasExplore/data/heilman_double_bind_competent_one_sentence.jsonl...
Loading /Users/tilmankerl/Documents/UNI/02_SS23/NLP_Methods/biasExplore/data/sent-weat6b.jsonl...
Loading /Users/tilmankerl/Documents/UNI/02_SS23/NLP_Methods/biasExplore/data/sent-weat8.jsonl...
Loading /Users/tilmankerl/Documents/UNI/02_SS23/NLP_Methods/biasExplore/data/project_implicit_sexuality.jsonl...
Loading /Users/tilmankerl/Documents/UNI/02_SS23/NLP_Methods/biasExplore/data/sent-weat6.jsonl...
Loading /Users/tilmankerl/Documents/UNI/02_SS23/NLP_Methods/biasExplore/data/sent-weat7b.jsonl...
Loading /Users/tilmankerl/Documents/UNI/02_SS23/NLP_Methods/biasExplore/data/heilman_double_bind_competent_1.jsonl...
Loading /Users/tilmankerl/Documents/UNI/02_SS23/NLP_Methods/biasExplore/data/heilman_double_bind_competent_1-.jsonl...
Loading /Users/tilmankerl/Documents/UNI/02_SS23/NLP_Methods/biasExplore/data/sent-weat7.jsonl...
Loading /Users/tilmankerl/Documents/UNI/02_SS23/NLP_Methods/biasExplore/data/heilman_double_bind_competent_1+3-.jsonl...
Running model bert-base-uncased...
Running test sent-weat8b...
Loading model bert-base-uncased...
Encoding targ1...
Encoding targ2...
Encoding attr1...
Encoding attr2...
Representation dimension: 768
Effect size: 1.0039482521714376
p-value: 0.001
Running test heilman_double_bind_competent_one_word...
Encoding targ1...
Encoding targ2...
Encoding attr1...
Encoding attr2...
Representation dimension: 768
Effect size: 0.23126192302427503
p-value: 0.354
Running test heilman_double_bind_competent_one_sentence...
Encoding targ1...
Encoding targ2...
Encoding attr1...
Encoding attr2...
Representation dimension: 768
Effect size: 1.5020322420167465
p-value: 0.002
Running test sent-weat6b...
Encoding targ1...
Encoding targ2...
Encoding attr1...
Encoding attr2...
Representation dimension: 768
Effect size: 0.10775639254957614
p-value: 0.25
Running test sent-weat8...
Encoding targ1...
Encoding targ2...
Encoding attr1...
Encoding attr2...
Representation dimension: 768
Effect size: 0.8133860368668223
p-value: 0.001
Running test project_implicit_sexuality...
Encoding targ1...
Encoding targ2...
Encoding attr1...
Encoding attr2...
Representation dimension: 768
Effect size: 0.6332195745371303
p-value: 0.4
Running test sent-weat6...
Encoding targ1...
Encoding targ2...
Encoding attr1...
Encoding attr2...
Representation dimension: 768
Effect size: 1.0436206307264044
p-value: 0.001
Running test sent-weat7b...
Encoding targ1...
Encoding targ2...
Encoding attr1...
Encoding attr2...
Representation dimension: 768
Effect size: 0.7246962893874875
p-value: 0.001
Running test heilman_double_bind_competent_1...
Encoding targ1...
Encoding targ2...
Encoding attr1...
Encoding attr2...
Representation dimension: 768
Effect size: 0.7092839296071739
p-value: 0.093
Running test heilman_double_bind_competent_1-...
Encoding targ1...
Encoding targ2...
Encoding attr1...
Encoding attr2...
Representation dimension: 768
Effect size: 0.2603241306730821
p-value: 0.308
Running test sent-weat7...
Encoding targ1...
Encoding targ2...
Encoding attr1...
Encoding attr2...
Representation dimension: 768
Effect size: 0.17606670109582423
p-value: 0.137
Running test heilman_double_bind_competent_1+3-...
Encoding targ1...
Encoding targ2...
Encoding attr1...
Encoding attr2...
Representation dimension: 768
Effect size: 0.19738664323888472
p-value: 0.381
Running model bert-large-uncased...
Running test sent-weat8b...
Loading model bert-large-uncased...
Encoding targ1...
Encoding targ2...
Encoding attr1...
Encoding attr2...
Representation dimension: 1024
Effect size: 0.2577311366951986
p-value: 0.085
Running test heilman_double_bind_competent_one_word...
Encoding targ1...
Encoding targ2...
Encoding attr1...
Encoding attr2...
Representation dimension: 1024
Effect size: -0.6018558167658284
p-value: 0.878
Running test heilman_double_bind_competent_one_sentence...
Encoding targ1...
Encoding targ2...
Encoding attr1...
Encoding attr2...
Representation dimension: 1024
Effect size: 0.26365404599631426
p-value: 0.302
Running test sent-weat6b...
Encoding targ1...
Encoding targ2...
Encoding attr1...
Encoding attr2...
Representation dimension: 1024
Effect size: 0.17731544249427295
p-value: 0.142
Running test sent-weat8...
Encoding targ1...
Encoding targ2...
Encoding attr1...
Encoding attr2...
Representation dimension: 1024
Effect size: -0.303280652463477
p-value: 0.948
Running test project_implicit_sexuality...
Encoding targ1...
Encoding targ2...
Encoding attr1...
Encoding attr2...
Representation dimension: 1024
Effect size: 0.10387125489525566
p-value: 0.45
Running test sent-weat6...
Encoding targ1...
Encoding targ2...
Encoding attr1...
Encoding attr2...
Representation dimension: 1024
Effect size: 0.4997078945268242
p-value: 0.005
Running test sent-weat7b...
Encoding targ1...
Encoding targ2...
Encoding attr1...
Encoding attr2...
Representation dimension: 1024
Effect size: -0.27194843183480666
p-value: 0.953
Running test heilman_double_bind_competent_1...
Encoding targ1...
Encoding targ2...
Encoding attr1...
Encoding attr2...
Representation dimension: 1024
Effect size: -0.751320411958208
p-value: 0.951
Running test heilman_double_bind_competent_1-...
Encoding targ1...
Encoding targ2...
Encoding attr1...
Encoding attr2...
Representation dimension: 1024
Effect size: -1.3302680345183868
p-value: 0.998
Running test sent-weat7...
Encoding targ1...
Encoding targ2...
Encoding attr1...
Encoding attr2...
Representation dimension: 1024
Effect size: 0.3834433186312749
p-value: 0.013
Running test heilman_double_bind_competent_1+3-...
Encoding targ1...
Encoding targ2...
Encoding attr1...
Encoding attr2...
Representation dimension: 1024
Effect size: -1.6160060887831875
p-value: 1.0
Running model bert-base-multilingual-uncased...
Running test sent-weat8b...
Loading model bert-base-multilingual-uncased...
Encoding targ1...
Encoding targ2...
Encoding attr1...
Encoding attr2...
Representation dimension: 768
Effect size: 0.34537521609495964
p-value: 0.04
Running test heilman_double_bind_competent_one_word...
Encoding targ1...
Encoding targ2...
Encoding attr1...
Encoding attr2...
Representation dimension: 768
Effect size: 1.3275302324181184
p-value: 0.005
Running test heilman_double_bind_competent_one_sentence...
Encoding targ1...
Encoding targ2...
Encoding attr1...
Encoding attr2...
Representation dimension: 768
Effect size: -0.19879962601745846
p-value: 0.654
Running test sent-weat6b...
Encoding targ1...
Encoding targ2...
Encoding attr1...
Encoding attr2...
Representation dimension: 768
Effect size: 0.10880928614078697
p-value: 0.24
Running test sent-weat8...
Encoding targ1...
Encoding targ2...
Encoding attr1...
Encoding attr2...
Representation dimension: 768
Effect size: 0.2777101965909396
p-value: 0.064
Running test project_implicit_sexuality...
Encoding targ1...
Encoding targ2...
Encoding attr1...
Encoding attr2...
Representation dimension: 768
Effect size: 0.1891284790530581
p-value: 0.4
Running test sent-weat6...
Encoding targ1...
Encoding targ2...
Encoding attr1...
Encoding attr2...
Representation dimension: 768
Effect size: 0.36053817699566304
p-value: 0.015
Running test sent-weat7b...
Encoding targ1...
Encoding targ2...
Encoding attr1...
Encoding attr2...
Representation dimension: 768
Effect size: -0.6927053122266721
p-value: 1.0
Running test heilman_double_bind_competent_1...
Encoding targ1...
Encoding targ2...
Encoding attr1...
Encoding attr2...
Representation dimension: 768
Effect size: -0.7385584165394612
p-value: 0.93
Running test heilman_double_bind_competent_1-...
Encoding targ1...
Encoding targ2...
Encoding attr1...
Encoding attr2...
Representation dimension: 768
Effect size: -0.3794429986613208
p-value: 0.758
Running test sent-weat7...
Encoding targ1...
Encoding targ2...
Encoding attr1...
Encoding attr2...
Representation dimension: 768
Effect size: 0.00019369464240739955
p-value: 0.535
Running test heilman_double_bind_competent_1+3-...
Encoding targ1...
Encoding targ2...
Encoding attr1...
Encoding attr2...
Representation dimension: 768
Effect size: -0.719825440774226
p-value: 0.905
Running model distilbert-base-uncased...
Running test sent-weat8b...
Loading model distilbert-base-uncased...
Encoding targ1...
Encoding targ2...
Encoding attr1...
Encoding attr2...
Representation dimension: 768
Effect size: 0.984575415762327
p-value: 0.001
Running test heilman_double_bind_competent_one_word...
Encoding targ1...
Encoding targ2...
Encoding attr1...
Encoding attr2...
Representation dimension: 768
Effect size: 1.3749335203897988
p-value: 0.001
Running test heilman_double_bind_competent_one_sentence...
Encoding targ1...
Encoding targ2...
Encoding attr1...
Encoding attr2...
Representation dimension: 768
Effect size: 0.9433088686732997
p-value: 0.028
Running test sent-weat6b...
Encoding targ1...
Encoding targ2...
Encoding attr1...
Encoding attr2...
Representation dimension: 768
Effect size: 0.2474253560882497
p-value: 0.066
Running test sent-weat8...
Encoding targ1...
Encoding targ2...
Encoding attr1...
Encoding attr2...
Representation dimension: 768
Effect size: 0.7369159419871391
p-value: 0.001
Running test project_implicit_sexuality...
Encoding targ1...
Encoding targ2...
Encoding attr1...
Encoding attr2...
Representation dimension: 768
Effect size: -0.5616864120238699
p-value: 0.8
Running test sent-weat6...
Encoding targ1...
Encoding targ2...
Encoding attr1...
Encoding attr2...
Representation dimension: 768
Effect size: 1.2624231772129142
p-value: 0.001
Running test sent-weat7b...
Encoding targ1...
Encoding targ2...
Encoding attr1...
Encoding attr2...
Representation dimension: 768
Effect size: 1.2233693073444745
p-value: 0.001
Running test heilman_double_bind_competent_1...
Encoding targ1...
Encoding targ2...
Encoding attr1...
Encoding attr2...
Representation dimension: 768
Effect size: 1.4785581596766404
p-value: 0.004
Running test heilman_double_bind_competent_1-...
Encoding targ1...
Encoding targ2...
Encoding attr1...
Encoding attr2...
Representation dimension: 768
Effect size: 1.8000254010433119
p-value: 0.001
Running test sent-weat7...
Encoding targ1...
Encoding targ2...
Encoding attr1...
Encoding attr2...
Representation dimension: 768
Effect size: 0.313057442071314
p-value: 0.026
Running test heilman_double_bind_competent_1+3-...
Encoding targ1...
Encoding targ2...
Encoding attr1...
Encoding attr2...
Representation dimension: 768
Effect size: 1.7775726139810821
p-value: 0.001
